d:\users\hp\desktop\mandor_new(new)\new_source\debug\easylogging++.nativecodeanalysis.xml
d:\users\hp\desktop\mandor_new(new)\new_source\debug\em.nativecodeanalysis.xml
d:\users\hp\desktop\mandor_new(new)\new_source\debug\type_mesh.nativecodeanalysis.xml
d:\users\hp\desktop\mandor_new(new)\new_source\debug\type_reg.nativecodeanalysis.xml
d:\users\hp\desktop\mandor_new(new)\new_source\debug\type_vector.nativecodeanalysis.xml
d:\users\hp\desktop\mandor_new(new)\new_source\debug\vc141.pdb
d:\users\hp\desktop\mandor_new(new)\new_source\debug\type_vector.obj
d:\users\hp\desktop\mandor_new(new)\new_source\debug\type_reg.obj
d:\users\hp\desktop\mandor_new(new)\new_source\debug\type_mesh.obj
d:\users\hp\desktop\mandor_new(new)\new_source\debug\em.obj
d:\users\hp\desktop\mandor_new(new)\new_source\debug\easylogging++.obj
d:\users\hp\desktop\mandor_new(new)\new_source\debug\main_test.obj
d:\users\hp\desktop\mandor_new(new)\new_source\debug\mandor.exe
d:\users\hp\desktop\mandor_new(new)\new_source\debug\mandor.ilk
d:\users\hp\desktop\mandor_new(new)\new_source\debug\mandor.pdb
d:\users\hp\desktop\mandor_new(new)\new_source\debug\sample-test1.ilk
d:\users\hp\desktop\mandor_new(new)\new_source\debug\nativecodeanalysis.read.1.tlog
d:\users\hp\desktop\mandor_new(new)\new_source\debug\gtest.pdb
d:\users\hp\desktop\mandor_new(new)\new_source\debug\gtest_main.pdb
d:\users\hp\desktop\mandor_new(new)\new_source\debug\sample-test1.pdb
d:\users\hp\desktop\mandor_new(new)\new_source\debug\vc.nativecodeanalysis.all.xml
d:\users\hp\desktop\mandor_new(new)\new_source\debug\mandor.exe.lastcodeanalysissucceeded
d:\users\hp\desktop\mandor_new(new)\new_source\debug\mandor.tlog\cl.command.1.tlog
d:\users\hp\desktop\mandor_new(new)\new_source\debug\mandor.tlog\cl.read.1.tlog
d:\users\hp\desktop\mandor_new(new)\new_source\debug\mandor.tlog\cl.write.1.tlog
d:\users\hp\desktop\mandor_new(new)\new_source\debug\mandor.tlog\link.command.1.tlog
d:\users\hp\desktop\mandor_new(new)\new_source\debug\mandor.tlog\link.read.1.tlog
d:\users\hp\desktop\mandor_new(new)\new_source\debug\mandor.tlog\link.write.1.tlog
