  type_reg.cpp
d:\users\hp\desktop\mandor_new(new)\new_source\type_reg.cpp(94): warning C4172: возвращение адреса локальной или временной переменной : buffer
d:\users\hp\desktop\mandor_new(new)\new_source\type_reg.cpp(104): warning C4172: возвращение адреса локальной или временной переменной : buffer
type_mesh.obj : error LNK2005: "public: static char const * __cdecl el::LevelHelper::convertToString(enum el::Level)" (?convertToString@LevelHelper@el@@SAPBDW4Level@2@@Z) уже определен в easylogging++.obj
type_mesh.obj : error LNK2005: "public: static enum el::Level __cdecl el::LevelHelper::convertFromString(char const *)" (?convertFromString@LevelHelper@el@@SA?AW4Level@2@PBD@Z) уже определен в easylogging++.obj
type_mesh.obj : error LNK2005: "public: static void __cdecl el::LevelHelper::forEachLevel(unsigned int *,class std::function<bool __cdecl(void)> const &)" (?forEachLevel@LevelHelper@el@@SAXPAIABV?$function@$$A6A_NXZ@std@@@Z) уже определен в easylogging++.obj
type_mesh.obj : error LNK2005: "public: static char const * __cdecl el::ConfigurationTypeHelper::convertToString(enum el::ConfigurationType)" (?convertToString@ConfigurationTypeHelper@el@@SAPBDW4ConfigurationType@2@@Z) уже определен в easylogging++.obj
type_mesh.obj : error LNK2005: "public: static enum el::ConfigurationType __cdecl el::ConfigurationTypeHelper::convertFromString(char const *)" (?convertFromString@ConfigurationTypeHelper@el@@SA?AW4ConfigurationType@2@PBD@Z) уже определен в easylogging++.obj
type_mesh.obj : error LNK2005: "private: void __thiscall el::base::SubsecondPrecision::init(int)" (?init@SubsecondPrecision@base@el@@AAEXH@Z) уже определен в easylogging++.obj
type_mesh.obj : error LNK2005: "public: static class std::basic_fstream<char,struct std::char_traits<char> > * __cdecl el::base::utils::File::newFileStream(class std::basic_string<char,struct std::char_traits<char>,class std::allocator<char> > const &)" (?newFileStream@File@utils@base@el@@SAPAV?$basic_fstream@DU?$char_traits@D@std@@@std@@ABV?$basic_string@DU?$char_traits@D@std@@V?$allocator@D@2@@6@@Z) уже определен в easylogging++.obj
type_mesh.obj : error LNK2005: "public: static unsigned int __cdecl el::base::utils::File::getSizeOfFile(class std::basic_fstream<char,struct std::char_traits<char> > *)" (?getSizeOfFile@File@utils@base@el@@SAIPAV?$basic_fstream@DU?$char_traits@D@std@@@std@@@Z) уже определен в easylogging++.obj
type_mesh.obj : error LNK2005: "public: static bool __cdecl el::base::utils::File::pathExists(char const *,bool)" (?pathExists@File@utils@base@el@@SA_NPBD_N@Z) уже определен в easylogging++.obj
type_mesh.obj : error LNK2005: "public: static bool __cdecl el::base::utils::File::createPath(class std::basic_string<char,struct std::char_traits<char>,class std::allocator<char> > const &)" (?createPath@File@utils@base@el@@SA_NABV?$basic_string@DU?$char_traits@D@std@@V?$allocator@D@2@@std@@@Z) уже определен в easylogging++.obj
type_mesh.obj : error LNK2005: "public: static class std::basic_string<char,struct std::char_traits<char>,class std::allocator<char> > __cdecl el::base::utils::File::extractPathFromFilename(class std::basic_string<char,struct std::char_traits<char>,class std::allocator<char> > const &,char const *)" (?extractPathFromFilename@File@utils@base@el@@SA?AV?$basic_string@DU?$char_traits@D@std@@V?$allocator@D@2@@std@@ABV56@PBD@Z) уже определен в easylogging++.obj
type_mesh.obj : error LNK2005: "public: static void __cdecl el::base::utils::File::buildStrippedFilename(char const *,char * const,unsigned int)" (?buildStrippedFilename@File@utils@base@el@@SAXPBDQADI@Z) уже определен в easylogging++.obj
type_mesh.obj : error LNK2005: "public: static void __cdecl el::base::utils::File::buildBaseFilename(class std::basic_string<char,struct std::char_traits<char>,class std::allocator<char> > const &,char * const,unsigned int,char const *)" (?buildBaseFilename@File@utils@base@el@@SAXABV?$basic_string@DU?$char_traits@D@std@@V?$allocator@D@2@@std@@QADIPBD@Z) уже определен в easylogging++.obj
type_mesh.obj : error LNK2005: "public: static bool __cdecl el::base::utils::Str::wildCardMatch(char const *,char const *)" (?wildCardMatch@Str@utils@base@el@@SA_NPBD0@Z) уже определен в easylogging++.obj
type_mesh.obj : error LNK2005: "public: static class std::basic_string<char,struct std::char_traits<char>,class std::allocator<char> > & __cdecl el::base::utils::Str::ltrim(class std::basic_string<char,struct std::char_traits<char>,class std::allocator<char> > &)" (?ltrim@Str@utils@base@el@@SAAAV?$basic_string@DU?$char_traits@D@std@@V?$allocator@D@2@@std@@AAV56@@Z) уже определен в easylogging++.obj
type_mesh.obj : error LNK2005: "public: static class std::basic_string<char,struct std::char_traits<char>,class std::allocator<char> > & __cdecl el::base::utils::Str::rtrim(class std::basic_string<char,struct std::char_traits<char>,class std::allocator<char> > &)" (?rtrim@Str@utils@base@el@@SAAAV?$basic_string@DU?$char_traits@D@std@@V?$allocator@D@2@@std@@AAV56@@Z) уже определен в easylogging++.obj
type_mesh.obj : error LNK2005: "public: static class std::basic_string<char,struct std::char_traits<char>,class std::allocator<char> > & __cdecl el::base::utils::Str::trim(class std::basic_string<char,struct std::char_traits<char>,class std::allocator<char> > &)" (?trim@Str@utils@base@el@@SAAAV?$basic_string@DU?$char_traits@D@std@@V?$allocator@D@2@@std@@AAV56@@Z) уже определен в easylogging++.obj
type_mesh.obj : error LNK2005: "public: static bool __cdecl el::base::utils::Str::startsWith(class std::basic_string<char,struct std::char_traits<char>,class std::allocator<char> > const &,class std::basic_string<char,struct std::char_traits<char>,class std::allocator<char> > const &)" (?startsWith@Str@utils@base@el@@SA_NABV?$basic_string@DU?$char_traits@D@std@@V?$allocator@D@2@@std@@0@Z) уже определен в easylogging++.obj
type_mesh.obj : error LNK2005: "public: static bool __cdecl el::base::utils::Str::endsWith(class std::basic_string<char,struct std::char_traits<char>,class std::allocator<char> > const &,class std::basic_string<char,struct std::char_traits<char>,class std::allocator<char> > const &)" (?endsWith@Str@utils@base@el@@SA_NABV?$basic_string@DU?$char_traits@D@std@@V?$allocator@D@2@@std@@0@Z) уже определен в easylogging++.obj
type_mesh.obj : error LNK2005: "public: static class std::basic_string<char,struct std::char_traits<char>,class std::allocator<char> > & __cdecl el::base::utils::Str::replaceAll(class std::basic_string<char,struct std::char_traits<char>,class std::allocator<char> > &,char,char)" (?replaceAll@Str@utils@base@el@@SAAAV?$basic_string@DU?$char_traits@D@std@@V?$allocator@D@2@@std@@AAV56@DD@Z) уже определен в easylogging++.obj
type_mesh.obj : error LNK2005: "public: static class std::basic_string<char,struct std::char_traits<char>,class std::allocator<char> > & __cdecl el::base::utils::Str::replaceAll(class std::basic_string<char,struct std::char_traits<char>,class std::allocator<char> > &,class std::basic_string<char,struct std::char_traits<char>,class std::allocator<char> > const &,class std::basic_string<char,struct std::char_traits<char>,class std::allocator<char> > const &)" (?replaceAll@Str@utils@base@el@@SAAAV?$basic_string@DU?$char_traits@D@std@@V?$allocator@D@2@@std@@AAV56@ABV56@1@Z) уже определен в easylogging++.obj
type_mesh.obj : error LNK2005: "public: static void __cdecl el::base::utils::Str::replaceFirstWithEscape(class std::basic_string<char,struct std::char_traits<char>,class std::allocator<char> > &,class std::basic_string<char,struct std::char_traits<char>,class std::allocator<char> > const &,class std::basic_string<char,struct std::char_traits<char>,class std::allocator<char> > const &)" (?replaceFirstWithEscape@Str@utils@base@el@@SAXAAV?$basic_string@DU?$char_traits@D@std@@V?$allocator@D@2@@std@@ABV56@1@Z) уже определен в easylogging++.obj
type_mesh.obj : error LNK2005: "public: static class std::basic_string<char,struct std::char_traits<char>,class std::allocator<char> > & __cdecl el::base::utils::Str::toUpper(class std::basic_string<char,struct std::char_traits<char>,class std::allocator<char> > &)" (?toUpper@Str@utils@base@el@@SAAAV?$basic_string@DU?$char_traits@D@std@@V?$allocator@D@2@@std@@AAV56@@Z) уже определен в easylogging++.obj
type_mesh.obj : error LNK2005: "public: static bool __cdecl el::base::utils::Str::cStringEq(char const *,char const *)" (?cStringEq@Str@utils@base@el@@SA_NPBD0@Z) уже определен в easylogging++.obj
type_mesh.obj : error LNK2005: "public: static bool __cdecl el::base::utils::Str::cStringCaseEq(char const *,char const *)" (?cStringCaseEq@Str@utils@base@el@@SA_NPBD0@Z) уже определен в easylogging++.obj
type_mesh.obj : error LNK2005: "public: static bool __cdecl el::base::utils::Str::contains(char const *,char)" (?contains@Str@utils@base@el@@SA_NPBDD@Z) уже определен в easylogging++.obj
type_mesh.obj : error LNK2005: "public: static char * __cdecl el::base::utils::Str::convertAndAddToBuff(unsigned int,int,char *,char const *,bool)" (?convertAndAddToBuff@Str@utils@base@el@@SAPADIHPADPBD_N@Z) уже определен в easylogging++.obj
type_mesh.obj : error LNK2005: "public: static char * __cdecl el::base::utils::Str::addToBuff(char const *,char *,char const *)" (?addToBuff@Str@utils@base@el@@SAPADPBDPAD0@Z) уже определен в easylogging++.obj
type_mesh.obj : error LNK2005: "public: static char * __cdecl el::base::utils::Str::clearBuff(char * const,unsigned int)" (?clearBuff@Str@utils@base@el@@SAPADQADI@Z) уже определен в easylogging++.obj
type_mesh.obj : error LNK2005: "public: static char * __cdecl el::base::utils::Str::wcharPtrToCharPtr(wchar_t const *)" (?wcharPtrToCharPtr@Str@utils@base@el@@SAPADPB_W@Z) уже определен в easylogging++.obj
type_mesh.obj : error LNK2005: "public: static char const * __cdecl el::base::utils::OS::getWindowsEnvironmentVariable(char const *)" (?getWindowsEnvironmentVariable@OS@utils@base@el@@SAPBDPBD@Z) уже определен в easylogging++.obj
type_mesh.obj : error LNK2005: "public: static class std::basic_string<char,struct std::char_traits<char>,class std::allocator<char> > const __cdecl el::base::utils::OS::getBashOutput(char const *)" (?getBashOutput@OS@utils@base@el@@SA?BV?$basic_string@DU?$char_traits@D@std@@V?$allocator@D@2@@std@@PBD@Z) уже определен в easylogging++.obj
type_mesh.obj : error LNK2005: "public: static class std::basic_string<char,struct std::char_traits<char>,class std::allocator<char> > __cdecl el::base::utils::OS::getEnvironmentVariable(char const *,char const *,char const *)" (?getEnvironmentVariable@OS@utils@base@el@@SA?AV?$basic_string@DU?$char_traits@D@std@@V?$allocator@D@2@@std@@PBD00@Z) уже определен в easylogging++.obj
type_mesh.obj : error LNK2005: "public: static class std::basic_string<char,struct std::char_traits<char>,class std::allocator<char> > __cdecl el::base::utils::OS::currentUser(void)" (?currentUser@OS@utils@base@el@@SA?AV?$basic_string@DU?$char_traits@D@std@@V?$allocator@D@2@@std@@XZ) уже определен в easylogging++.obj
type_mesh.obj : error LNK2005: "public: static class std::basic_string<char,struct std::char_traits<char>,class std::allocator<char> > __cdecl el::base::utils::OS::currentHost(void)" (?currentHost@OS@utils@base@el@@SA?AV?$basic_string@DU?$char_traits@D@std@@V?$allocator@D@2@@std@@XZ) уже определен в easylogging++.obj
type_mesh.obj : error LNK2005: "public: static bool __cdecl el::base::utils::OS::termSupportsColor(void)" (?termSupportsColor@OS@utils@base@el@@SA_NXZ) уже определен в easylogging++.obj
type_mesh.obj : error LNK2005: "public: static void __cdecl el::base::utils::DateTime::gettimeofday(struct timeval *)" (?gettimeofday@DateTime@utils@base@el@@SAXPAUtimeval@@@Z) уже определен в easylogging++.obj
type_mesh.obj : error LNK2005: "public: static class std::basic_string<char,struct std::char_traits<char>,class std::allocator<char> > __cdecl el::base::utils::DateTime::getDateTime(char const *,class el::base::SubsecondPrecision const *)" (?getDateTime@DateTime@utils@base@el@@SA?AV?$basic_string@DU?$char_traits@D@std@@V?$allocator@D@2@@std@@PBDPBVSubsecondPrecision@34@@Z) уже определен в easylogging++.obj
type_mesh.obj : error LNK2005: "public: static class std::basic_string<char,struct std::char_traits<char>,class std::allocator<char> > __cdecl el::base::utils::DateTime::timevalToString(struct timeval,char const *,class el::base::SubsecondPrecision const *)" (?timevalToString@DateTime@utils@base@el@@SA?AV?$basic_string@DU?$char_traits@D@std@@V?$allocator@D@2@@std@@Utimeval@@PBDPBVSubsecondPrecision@34@@Z) уже определен в easylogging++.obj
type_mesh.obj : error LNK2005: "public: static class std::basic_string<char,struct std::char_traits<char>,class std::allocator<char> > __cdecl el::base::utils::DateTime::formatTime(unsigned __int64,enum el::base::TimestampUnit)" (?formatTime@DateTime@utils@base@el@@SA?AV?$basic_string@DU?$char_traits@D@std@@V?$allocator@D@2@@std@@_KW4TimestampUnit@34@@Z) уже определен в easylogging++.obj
type_mesh.obj : error LNK2005: "public: static unsigned __int64 __cdecl el::base::utils::DateTime::getTimeDifference(struct timeval const &,struct timeval const &,enum el::base::TimestampUnit)" (?getTimeDifference@DateTime@utils@base@el@@SA_KABUtimeval@@0W4TimestampUnit@34@@Z) уже определен в easylogging++.obj
type_mesh.obj : error LNK2005: "public: static struct tm * __cdecl el::base::utils::DateTime::buildTimeInfo(struct timeval *,struct tm *)" (?buildTimeInfo@DateTime@utils@base@el@@SAPAUtm@@PAUtimeval@@PAU5@@Z) уже определен в easylogging++.obj
type_mesh.obj : error LNK2005: "private: static char * __cdecl el::base::utils::DateTime::parseFormat(char *,unsigned int,char const *,struct tm const *,unsigned int,class el::base::SubsecondPrecision const *)" (?parseFormat@DateTime@utils@base@el@@CAPADPADIPBDPBUtm@@IPBVSubsecondPrecision@34@@Z) уже определен в easylogging++.obj
type_mesh.obj : error LNK2005: "public: void __thiscall el::base::utils::CommandLineArgs::setArgs(int,char * *)" (?setArgs@CommandLineArgs@utils@base@el@@QAEXHPAPAD@Z) уже определен в easylogging++.obj
type_mesh.obj : error LNK2005: "public: bool __thiscall el::base::utils::CommandLineArgs::hasParamWithValue(char const *)const " (?hasParamWithValue@CommandLineArgs@utils@base@el@@QBE_NPBD@Z) уже определен в easylogging++.obj
type_mesh.obj : error LNK2005: "public: char const * __thiscall el::base::utils::CommandLineArgs::getParamValue(char const *)const " (?getParamValue@CommandLineArgs@utils@base@el@@QBEPBDPBD@Z) уже определен в easylogging++.obj
type_mesh.obj : error LNK2005: "public: bool __thiscall el::base::utils::CommandLineArgs::hasParam(char const *)const " (?hasParam@CommandLineArgs@utils@base@el@@QBE_NPBD@Z) уже определен в easylogging++.obj
type_mesh.obj : error LNK2005: "public: bool __thiscall el::base::utils::CommandLineArgs::empty(void)const " (?empty@CommandLineArgs@utils@base@el@@QBE_NXZ) уже определен в easylogging++.obj
type_mesh.obj : error LNK2005: "public: unsigned int __thiscall el::base::utils::CommandLineArgs::size(void)const " (?size@CommandLineArgs@utils@base@el@@QBEIXZ) уже определен в easylogging++.obj
type_mesh.obj : error LNK2005: "class std::basic_ostream<char,struct std::char_traits<char> > & __cdecl el::base::utils::operator<<(class std::basic_ostream<char,struct std::char_traits<char> > &,class el::base::utils::CommandLineArgs const &)" (??6utils@base@el@@YAAAV?$basic_ostream@DU?$char_traits@D@std@@@std@@AAV34@ABVCommandLineArgs@012@@Z) уже определен в easylogging++.obj
type_mesh.obj : error LNK2005: "public: __thiscall el::base::LogFormat::LogFormat(void)" (??0LogFormat@base@el@@QAE@XZ) уже определен в easylogging++.obj
type_mesh.obj : error LNK2005: "public: __thiscall el::base::LogFormat::LogFormat(enum el::Level,class std::basic_string<char,struct std::char_traits<char>,class std::allocator<char> > const &)" (??0LogFormat@base@el@@QAE@W4Level@2@ABV?$basic_string@DU?$char_traits@D@std@@V?$allocator@D@2@@std@@@Z) уже определен в easylogging++.obj
type_mesh.obj : error LNK2005: "public: __thiscall el::base::LogFormat::LogFormat(class el::base::LogFormat const &)" (??0LogFormat@base@el@@QAE@ABV012@@Z) уже определен в easylogging++.obj
type_mesh.obj : error LNK2005: "public: __thiscall el::base::LogFormat::LogFormat(class el::base::LogFormat &&)" (??0LogFormat@base@el@@QAE@$$QAV012@@Z) уже определен в easylogging++.obj
type_mesh.obj : error LNK2005: "public: class el::base::LogFormat & __thiscall el::base::LogFormat::operator=(class el::base::LogFormat const &)" (??4LogFormat@base@el@@QAEAAV012@ABV012@@Z) уже определен в easylogging++.obj
type_mesh.obj : error LNK2005: "public: bool __thiscall el::base::LogFormat::operator==(class el::base::LogFormat const &)" (??8LogFormat@base@el@@QAE_NABV012@@Z) уже определен в easylogging++.obj
type_mesh.obj : error LNK2005: "public: void __thiscall el::base::LogFormat::parseFromFormat(class std::basic_string<char,struct std::char_traits<char>,class std::allocator<char> > const &)" (?parseFromFormat@LogFormat@base@el@@QAEXABV?$basic_string@DU?$char_traits@D@std@@V?$allocator@D@2@@std@@@Z) уже определен в easylogging++.obj
type_mesh.obj : error LNK2005: "protected: virtual void __thiscall el::base::LogFormat::updateDateFormat(unsigned int,class std::basic_string<char,struct std::char_traits<char>,class std::allocator<char> > &)" (?updateDateFormat@LogFormat@base@el@@MAEXIAAV?$basic_string@DU?$char_traits@D@std@@V?$allocator@D@2@@std@@@Z) уже определен в easylogging++.obj
type_mesh.obj : error LNK2005: "protected: virtual void __thiscall el::base::LogFormat::updateFormatSpec(void)" (?updateFormatSpec@LogFormat@base@el@@MAEXXZ) уже определен в easylogging++.obj
type_mesh.obj : error LNK2005: "public: __thiscall el::Configuration::Configuration(class el::Configuration const &)" (??0Configuration@el@@QAE@ABV01@@Z) уже определен в easylogging++.obj
type_mesh.obj : error LNK2005: "public: class el::Configuration & __thiscall el::Configuration::operator=(class el::Configuration const &)" (??4Configuration@el@@QAEAAV01@ABV01@@Z) уже определен в easylogging++.obj
type_mesh.obj : error LNK2005: "public: __thiscall el::Configuration::Configuration(enum el::Level,enum el::ConfigurationType,class std::basic_string<char,struct std::char_traits<char>,class std::allocator<char> > const &)" (??0Configuration@el@@QAE@W4Level@1@W4ConfigurationType@1@ABV?$basic_string@DU?$char_traits@D@std@@V?$allocator@D@2@@std@@@Z) уже определен в easylogging++.obj
type_mesh.obj : error LNK2005: "public: virtual void __thiscall el::Configuration::log(class std::basic_ostream<char,struct std::char_traits<char> > &)const " (?log@Configuration@el@@UBEXAAV?$basic_ostream@DU?$char_traits@D@std@@@std@@@Z) уже определен в easylogging++.obj
type_mesh.obj : error LNK2005: "public: __thiscall el::Configuration::Predicate::Predicate(enum el::Level,enum el::ConfigurationType)" (??0Predicate@Configuration@el@@QAE@W4Level@2@W4ConfigurationType@2@@Z) уже определен в easylogging++.obj
type_mesh.obj : error LNK2005: "public: bool __thiscall el::Configuration::Predicate::operator()(class el::Configuration const *)const " (??RPredicate@Configuration@el@@QBE_NPBV12@@Z) уже определен в easylogging++.obj
type_mesh.obj : error LNK2005: "public: __thiscall el::Configurations::Configurations(void)" (??0Configurations@el@@QAE@XZ) уже определен в easylogging++.obj
type_mesh.obj : error LNK2005: "public: __thiscall el::Configurations::Configurations(class std::basic_string<char,struct std::char_traits<char>,class std::allocator<char> > const &,bool,class el::Configurations *)" (??0Configurations@el@@QAE@ABV?$basic_string@DU?$char_traits@D@std@@V?$allocator@D@2@@std@@_NPAV01@@Z) уже определен в easylogging++.obj
type_mesh.obj : error LNK2005: "public: bool __thiscall el::Configurations::parseFromFile(class std::basic_string<char,struct std::char_traits<char>,class std::allocator<char> > const &,class el::Configurations *)" (?parseFromFile@Configurations@el@@QAE_NABV?$basic_string@DU?$char_traits@D@std@@V?$allocator@D@2@@std@@PAV12@@Z) уже определен в easylogging++.obj
type_mesh.obj : error LNK2005: "public: bool __thiscall el::Configurations::parseFromText(class std::basic_string<char,struct std::char_traits<char>,class std::allocator<char> > const &,class el::Configurations *)" (?parseFromText@Configurations@el@@QAE_NABV?$basic_string@DU?$char_traits@D@std@@V?$allocator@D@2@@std@@PAV12@@Z) уже определен в easylogging++.obj
type_mesh.obj : error LNK2005: "public: void __thiscall el::Configurations::setFromBase(class el::Configurations *)" (?setFromBase@Configurations@el@@QAEXPAV12@@Z) уже определен в easylogging++.obj
type_mesh.obj : error LNK2005: "public: bool __thiscall el::Configurations::hasConfiguration(enum el::ConfigurationType)" (?hasConfiguration@Configurations@el@@QAE_NW4ConfigurationType@2@@Z) уже определен в easylogging++.obj
type_mesh.obj : error LNK2005: "public: bool __thiscall el::Configurations::hasConfiguration(enum el::Level,enum el::ConfigurationType)" (?hasConfiguration@Configurations@el@@QAE_NW4Level@2@W4ConfigurationType@2@@Z) уже определен в easylogging++.obj
type_mesh.obj : error LNK2005: "public: void __thiscall el::Configurations::set(enum el::Level,enum el::ConfigurationType,class std::basic_string<char,struct std::char_traits<char>,class std::allocator<char> > const &)" (?set@Configurations@el@@QAEXW4Level@2@W4ConfigurationType@2@ABV?$basic_string@DU?$char_traits@D@std@@V?$allocator@D@2@@std@@@Z) уже определен в easylogging++.obj
type_mesh.obj : error LNK2005: "public: void __thiscall el::Configurations::set(class el::Configuration *)" (?set@Configurations@el@@QAEXPAVConfiguration@2@@Z) уже определен в easylogging++.obj
type_mesh.obj : error LNK2005: "public: void __thiscall el::Configurations::setToDefault(void)" (?setToDefault@Configurations@el@@QAEXXZ) уже определен в easylogging++.obj
type_mesh.obj : error LNK2005: "public: void __thiscall el::Configurations::setRemainingToDefault(void)" (?setRemainingToDefault@Configurations@el@@QAEXXZ) уже определен в easylogging++.obj
type_mesh.obj : error LNK2005: "public: static bool __cdecl el::Configurations::Parser::parseFromFile(class std::basic_string<char,struct std::char_traits<char>,class std::allocator<char> > const &,class el::Configurations *,class el::Configurations *)" (?parseFromFile@Parser@Configurations@el@@SA_NABV?$basic_string@DU?$char_traits@D@std@@V?$allocator@D@2@@std@@PAV23@1@Z) уже определен в easylogging++.obj
type_mesh.obj : error LNK2005: "public: static bool __cdecl el::Configurations::Parser::parseFromText(class std::basic_string<char,struct std::char_traits<char>,class std::allocator<char> > const &,class el::Configurations *,class el::Configurations *)" (?parseFromText@Parser@Configurations@el@@SA_NABV?$basic_string@DU?$char_traits@D@std@@V?$allocator@D@2@@std@@PAV23@1@Z) уже определен в easylogging++.obj
type_mesh.obj : error LNK2005: "private: static void __cdecl el::Configurations::Parser::ignoreComments(class std::basic_string<char,struct std::char_traits<char>,class std::allocator<char> > *)" (?ignoreComments@Parser@Configurations@el@@CAXPAV?$basic_string@DU?$char_traits@D@std@@V?$allocator@D@2@@std@@@Z) уже определен в easylogging++.obj
type_mesh.obj : error LNK2005: "private: static bool __cdecl el::Configurations::Parser::isLevel(class std::basic_string<char,struct std::char_traits<char>,class std::allocator<char> > const &)" (?isLevel@Parser@Configurations@el@@CA_NABV?$basic_string@DU?$char_traits@D@std@@V?$allocator@D@2@@std@@@Z) уже определен в easylogging++.obj
type_mesh.obj : error LNK2005: "private: static bool __cdecl el::Configurations::Parser::isComment(class std::basic_string<char,struct std::char_traits<char>,class std::allocator<char> > const &)" (?isComment@Parser@Configurations@el@@CA_NABV?$basic_string@DU?$char_traits@D@std@@V?$allocator@D@2@@std@@@Z) уже определен в easylogging++.obj
type_mesh.obj : error LNK2005: "private: static bool __cdecl el::Configurations::Parser::parseLine(class std::basic_string<char,struct std::char_traits<char>,class std::allocator<char> > *,class std::basic_string<char,struct std::char_traits<char>,class std::allocator<char> > *,class std::basic_string<char,struct std::char_traits<char>,class std::allocator<char> > *,enum el::Level *,class el::Configurations *)" (?parseLine@Parser@Configurations@el@@CA_NPAV?$basic_string@DU?$char_traits@D@std@@V?$allocator@D@2@@std@@00PAW4Level@3@PAV23@@Z) уже определен в easylogging++.obj
type_mesh.obj : error LNK2005: "private: void __thiscall el::Configurations::unsafeSetIfNotExist(enum el::Level,enum el::ConfigurationType,class std::basic_string<char,struct std::char_traits<char>,class std::allocator<char> > const &)" (?unsafeSetIfNotExist@Configurations@el@@AAEXW4Level@2@W4ConfigurationType@2@ABV?$basic_string@DU?$char_traits@D@std@@V?$allocator@D@2@@std@@@Z) уже определен в easylogging++.obj
type_mesh.obj : error LNK2005: "private: void __thiscall el::Configurations::unsafeSet(enum el::Level,enum el::ConfigurationType,class std::basic_string<char,struct std::char_traits<char>,class std::allocator<char> > const &)" (?unsafeSet@Configurations@el@@AAEXW4Level@2@W4ConfigurationType@2@ABV?$basic_string@DU?$char_traits@D@std@@V?$allocator@D@2@@std@@@Z) уже определен в easylogging++.obj
type_mesh.obj : error LNK2005: "private: void __thiscall el::Configurations::setGlobally(enum el::ConfigurationType,class std::basic_string<char,struct std::char_traits<char>,class std::allocator<char> > const &,bool)" (?setGlobally@Configurations@el@@AAEXW4ConfigurationType@2@ABV?$basic_string@DU?$char_traits@D@std@@V?$allocator@D@2@@std@@_N@Z) уже определен в easylogging++.obj
type_mesh.obj : error LNK2005: "private: void __thiscall el::Configurations::unsafeSetGlobally(enum el::ConfigurationType,class std::basic_string<char,struct std::char_traits<char>,class std::allocator<char> > const &,bool)" (?unsafeSetGlobally@Configurations@el@@AAEXW4ConfigurationType@2@ABV?$basic_string@DU?$char_traits@D@std@@V?$allocator@D@2@@std@@_N@Z) уже определен в easylogging++.obj
type_mesh.obj : error LNK2005: "public: __thiscall el::base::TypedConfigurations::TypedConfigurations(class el::Configurations *,class std::map<class std::basic_string<char,struct std::char_traits<char>,class std::allocator<char> >,class std::shared_ptr<class std::basic_fstream<char,struct std::char_traits<char> > >,struct std::less<class std::basic_string<char,struct std::char_traits<char>,class std::allocator<char> > >,class std::allocator<struct std::pair<class std::basic_string<char,struct std::char_traits<char>,class std::allocator<char> > const ,class std::shared_ptr<class std::basic_fstream<char,struct std::char_traits<char> > > > > > *)" (??0TypedConfigurations@base@el@@QAE@PAVConfigurations@2@PAV?$map@V?$basic_string@DU?$char_traits@D@std@@V?$allocator@D@2@@std@@V?$shared_ptr@V?$basic_fstream@DU?$char_traits@D@std@@@std@@@2@U?$less@V?$basic_string@DU?$char_traits@D@std@@V?$allocator@D@2@@std@@@2@V?$allocator@U?$pair@$$CBV?$basic_string@DU?$char_traits@D@std@@V?$allocator@D@2@@std@@V?$shared_ptr@V?$basic_fstream@DU?$char_traits@D@std@@@std@@@2@@std@@@2@@std@@@Z) уже определен в easylogging++.obj
type_mesh.obj : error LNK2005: "public: __thiscall el::base::TypedConfigurations::TypedConfigurations(class el::base::TypedConfigurations const &)" (??0TypedConfigurations@base@el@@QAE@ABV012@@Z) уже определен в easylogging++.obj
type_mesh.obj : error LNK2005: "public: bool __thiscall el::base::TypedConfigurations::enabled(enum el::Level)" (?enabled@TypedConfigurations@base@el@@QAE_NW4Level@3@@Z) уже определен в easylogging++.obj
type_mesh.obj : error LNK2005: "public: bool __thiscall el::base::TypedConfigurations::toFile(enum el::Level)" (?toFile@TypedConfigurations@base@el@@QAE_NW4Level@3@@Z) уже определен в easylogging++.obj
type_mesh.obj : error LNK2005: "public: class std::basic_string<char,struct std::char_traits<char>,class std::allocator<char> > const & __thiscall el::base::TypedConfigurations::filename(enum el::Level)" (?filename@TypedConfigurations@base@el@@QAEABV?$basic_string@DU?$char_traits@D@std@@V?$allocator@D@2@@std@@W4Level@3@@Z) уже определен в easylogging++.obj
type_mesh.obj : error LNK2005: "public: bool __thiscall el::base::TypedConfigurations::toStandardOutput(enum el::Level)" (?toStandardOutput@TypedConfigurations@base@el@@QAE_NW4Level@3@@Z) уже определен в easylogging++.obj
type_mesh.obj : error LNK2005: "public: class el::base::LogFormat const & __thiscall el::base::TypedConfigurations::logFormat(enum el::Level)" (?logFormat@TypedConfigurations@base@el@@QAEABVLogFormat@23@W4Level@3@@Z) уже определен в easylogging++.obj
type_mesh.obj : error LNK2005: "public: class el::base::SubsecondPrecision const & __thiscall el::base::TypedConfigurations::subsecondPrecision(enum el::Level)" (?subsecondPrecision@TypedConfigurations@base@el@@QAEABVSubsecondPrecision@23@W4Level@3@@Z) уже определен в easylogging++.obj
type_mesh.obj : error LNK2005: "public: class el::base::SubsecondPrecision const & __thiscall el::base::TypedConfigurations::millisecondsWidth(enum el::Level)" (?millisecondsWidth@TypedConfigurations@base@el@@QAEABVSubsecondPrecision@23@W4Level@3@@Z) уже определен в easylogging++.obj
type_mesh.obj : error LNK2005: "public: bool __thiscall el::base::TypedConfigurations::performanceTracking(enum el::Level)" (?performanceTracking@TypedConfigurations@base@el@@QAE_NW4Level@3@@Z) уже определен в easylogging++.obj
type_mesh.obj : error LNK2005: "public: class std::basic_fstream<char,struct std::char_traits<char> > * __thiscall el::base::TypedConfigurations::fileStream(enum el::Level)" (?fileStream@TypedConfigurations@base@el@@QAEPAV?$basic_fstream@DU?$char_traits@D@std@@@std@@W4Level@3@@Z) уже определен в easylogging++.obj
type_mesh.obj : error LNK2005: "public: unsigned int __thiscall el::base::TypedConfigurations::maxLogFileSize(enum el::Level)" (?maxLogFileSize@TypedConfigurations@base@el@@QAEIW4Level@3@@Z) уже определен в easylogging++.obj
type_mesh.obj : error LNK2005: "public: unsigned int __thiscall el::base::TypedConfigurations::logFlushThreshold(enum el::Level)" (?logFlushThreshold@TypedConfigurations@base@el@@QAEIW4Level@3@@Z) уже определен в easylogging++.obj
type_mesh.obj : error LNK2005: "private: void __thiscall el::base::TypedConfigurations::build(class el::Configurations *)" (?build@TypedConfigurations@base@el@@AAEXPAVConfigurations@3@@Z) уже определен в easylogging++.obj
type_mesh.obj : error LNK2005: "private: unsigned long __thiscall el::base::TypedConfigurations::getULong(class std::basic_string<char,struct std::char_traits<char>,class std::allocator<char> >)" (?getULong@TypedConfigurations@base@el@@AAEKV?$basic_string@DU?$char_traits@D@std@@V?$allocator@D@2@@std@@@Z) уже определен в easylogging++.obj
type_mesh.obj : error LNK2005: "private: class std::basic_string<char,struct std::char_traits<char>,class std::allocator<char> > __thiscall el::base::TypedConfigurations::resolveFilename(class std::basic_string<char,struct std::char_traits<char>,class std::allocator<char> > const &)" (?resolveFilename@TypedConfigurations@base@el@@AAE?AV?$basic_string@DU?$char_traits@D@std@@V?$allocator@D@2@@std@@ABV45@@Z) уже определен в easylogging++.obj
type_mesh.obj : error LNK2005: "private: void __thiscall el::base::TypedConfigurations::insertFile(enum el::Level,class std::basic_string<char,struct std::char_traits<char>,class std::allocator<char> > const &)" (?insertFile@TypedConfigurations@base@el@@AAEXW4Level@3@ABV?$basic_string@DU?$char_traits@D@std@@V?$allocator@D@2@@std@@@Z) уже определен в easylogging++.obj
type_mesh.obj : error LNK2005: "private: bool __thiscall el::base::TypedConfigurations::unsafeValidateFileRolling(enum el::Level,class std::function<void __cdecl(char const *,unsigned int)> const &)" (?unsafeValidateFileRolling@TypedConfigurations@base@el@@AAE_NW4Level@3@ABV?$function@$$A6AXPBDI@Z@std@@@Z) уже определен в easylogging++.obj
type_mesh.obj : error LNK2005: "public: bool __thiscall el::base::RegisteredHitCounters::validateEveryN(char const *,unsigned long,unsigned int)" (?validateEveryN@RegisteredHitCounters@base@el@@QAE_NPBDKI@Z) уже определен в easylogging++.obj
type_mesh.obj : error LNK2005: "public: bool __thiscall el::base::RegisteredHitCounters::validateAfterN(char const *,unsigned long,unsigned int)" (?validateAfterN@RegisteredHitCounters@base@el@@QAE_NPBDKI@Z) уже определен в easylogging++.obj
type_mesh.obj : error LNK2005: "public: bool __thiscall el::base::RegisteredHitCounters::validateNTimes(char const *,unsigned long,unsigned int)" (?validateNTimes@RegisteredHitCounters@base@el@@QAE_NPBDKI@Z) уже определен в easylogging++.obj
type_mesh.obj : error LNK2005: "protected: virtual void __thiscall el::LogDispatchCallback::handle(class el::LogDispatchData const *)" (?handle@LogDispatchCallback@el@@MAEXPBVLogDispatchData@2@@Z) уже определен в easylogging++.obj
type_mesh.obj : error LNK2005: "protected: class el::base::threading::internal::NoMutex & __thiscall el::LogDispatchCallback::fileHandle(class el::LogDispatchData const *)" (?fileHandle@LogDispatchCallback@el@@IAEAAVNoMutex@internal@threading@base@2@PBVLogDispatchData@2@@Z) уже определен в easylogging++.obj
type_mesh.obj : error LNK2005: "public: void __thiscall el::LogBuilder::convertToColoredOutput(class std::basic_string<char,struct std::char_traits<char>,class std::allocator<char> > *,enum el::Level)" (?convertToColoredOutput@LogBuilder@el@@QAEXPAV?$basic_string@DU?$char_traits@D@std@@V?$allocator@D@2@@std@@W4Level@2@@Z) уже определен в easylogging++.obj
type_mesh.obj : error LNK2005: "public: __thiscall el::Logger::Logger(class std::basic_string<char,struct std::char_traits<char>,class std::allocator<char> > const &,class std::map<class std::basic_string<char,struct std::char_traits<char>,class std::allocator<char> >,class std::shared_ptr<class std::basic_fstream<char,struct std::char_traits<char> > >,struct std::less<class std::basic_string<char,struct std::char_traits<char>,class std::allocator<char> > >,class std::allocator<struct std::pair<class std::basic_string<char,struct std::char_traits<char>,class std::allocator<char> > const ,class std::shared_ptr<class std::basic_fstream<char,struct std::char_traits<char> > > > > > *)" (??0Logger@el@@QAE@ABV?$basic_string@DU?$char_traits@D@std@@V?$allocator@D@2@@std@@PAV?$map@V?$basic_string@DU?$char_traits@D@std@@V?$allocator@D@2@@std@@V?$shared_ptr@V?$basic_fstream@DU?$char_traits@D@std@@@std@@@2@U?$less@V?$basic_string@DU?$char_traits@D@std@@V?$allocator@D@2@@std@@@2@V?$allocator@U?$pair@$$CBV?$basic_string@DU?$char_traits@D@std@@V?$allocator@D@2@@std@@V?$shared_ptr@V?$basic_fstream@DU?$char_traits@D@std@@@std@@@2@@std@@@2@@3@@Z) уже определен в easylogging++.obj
type_mesh.obj : error LNK2005: "public: __thiscall el::Logger::Logger(class std::basic_string<char,struct std::char_traits<char>,class std::allocator<char> > const &,class el::Configurations const &,class std::map<class std::basic_string<char,struct std::char_traits<char>,class std::allocator<char> >,class std::shared_ptr<class std::basic_fstream<char,struct std::char_traits<char> > >,struct std::less<class std::basic_string<char,struct std::char_traits<char>,class std::allocator<char> > >,class std::allocator<struct std::pair<class std::basic_string<char,struct std::char_traits<char>,class std::allocator<char> > const ,class std::shared_ptr<class std::basic_fstream<char,struct std::char_traits<char> > > > > > *)" (??0Logger@el@@QAE@ABV?$basic_string@DU?$char_traits@D@std@@V?$allocator@D@2@@std@@ABVConfigurations@1@PAV?$map@V?$basic_string@DU?$char_traits@D@std@@V?$allocator@D@2@@std@@V?$shared_ptr@V?$basic_fstream@DU?$char_traits@D@std@@@std@@@2@U?$less@V?$basic_string@DU?$char_traits@D@std@@V?$allocator@D@2@@std@@@2@V?$allocator@U?$pair@$$CBV?$basic_string@DU?$char_traits@D@std@@V?$allocator@D@2@@std@@V?$shared_ptr@V?$basic_fstream@DU?$char_traits@D@std@@@std@@@2@@std@@@2@@3@@Z) уже определен в easylogging++.obj
type_mesh.obj : error LNK2005: "public: __thiscall el::Logger::Logger(class el::Logger const &)" (??0Logger@el@@QAE@ABV01@@Z) уже определен в easylogging++.obj
type_mesh.obj : error LNK2005: "public: class el::Logger & __thiscall el::Logger::operator=(class el::Logger const &)" (??4Logger@el@@QAEAAV01@ABV01@@Z) уже определен в easylogging++.obj
type_mesh.obj : error LNK2005: "public: void __thiscall el::Logger::configure(class el::Configurations const &)" (?configure@Logger@el@@QAEXABVConfigurations@2@@Z) уже определен в easylogging++.obj
type_mesh.obj : error LNK2005: "public: void __thiscall el::Logger::reconfigure(void)" (?reconfigure@Logger@el@@QAEXXZ) уже определен в easylogging++.obj
type_mesh.obj : error LNK2005: "public: static bool __cdecl el::Logger::isValidId(class std::basic_string<char,struct std::char_traits<char>,class std::allocator<char> > const &)" (?isValidId@Logger@el@@SA_NABV?$basic_string@DU?$char_traits@D@std@@V?$allocator@D@2@@std@@@Z) уже определен в easylogging++.obj
type_mesh.obj : error LNK2005: "public: void __thiscall el::Logger::flush(void)" (?flush@Logger@el@@QAEXXZ) уже определен в easylogging++.obj
type_mesh.obj : error LNK2005: "public: void __thiscall el::Logger::flush(enum el::Level,class std::basic_fstream<char,struct std::char_traits<char> > *)" (?flush@Logger@el@@QAEXW4Level@2@PAV?$basic_fstream@DU?$char_traits@D@std@@@std@@@Z) уже определен в easylogging++.obj
type_mesh.obj : error LNK2005: "private: void __thiscall el::Logger::initUnflushedCount(void)" (?initUnflushedCount@Logger@el@@AAEXXZ) уже определен в easylogging++.obj
type_mesh.obj : error LNK2005: "private: void __thiscall el::Logger::resolveLoggerFormatSpec(void)const " (?resolveLoggerFormatSpec@Logger@el@@ABEXXZ) уже определен в easylogging++.obj
type_mesh.obj : error LNK2005: "public: __thiscall el::base::RegisteredLoggers::RegisteredLoggers(class std::shared_ptr<class el::LogBuilder> const &)" (??0RegisteredLoggers@base@el@@QAE@ABV?$shared_ptr@VLogBuilder@el@@@std@@@Z) уже определен в easylogging++.obj
type_mesh.obj : error LNK2005: "public: class el::Logger * __thiscall el::base::RegisteredLoggers::get(class std::basic_string<char,struct std::char_traits<char>,class std::allocator<char> > const &,bool)" (?get@RegisteredLoggers@base@el@@QAEPAVLogger@3@ABV?$basic_string@DU?$char_traits@D@std@@V?$allocator@D@2@@std@@_N@Z) уже определен в easylogging++.obj
type_mesh.obj : error LNK2005: "public: bool __thiscall el::base::RegisteredLoggers::remove(class std::basic_string<char,struct std::char_traits<char>,class std::allocator<char> > const &)" (?remove@RegisteredLoggers@base@el@@QAE_NABV?$basic_string@DU?$char_traits@D@std@@V?$allocator@D@2@@std@@@Z) уже определен в easylogging++.obj
type_mesh.obj : error LNK2005: "private: void __thiscall el::base::RegisteredLoggers::unsafeFlushAll(void)" (?unsafeFlushAll@RegisteredLoggers@base@el@@AAEXXZ) уже определен в easylogging++.obj
type_mesh.obj : error LNK2005: "public: __thiscall el::base::VRegistry::VRegistry(unsigned short,unsigned int *)" (??0VRegistry@base@el@@QAE@GPAI@Z) уже определен в easylogging++.obj
type_mesh.obj : error LNK2005: "public: void __thiscall el::base::VRegistry::setLevel(unsigned short)" (?setLevel@VRegistry@base@el@@QAEXG@Z) уже определен в easylogging++.obj
type_mesh.obj : error LNK2005: "public: void __thiscall el::base::VRegistry::setModules(char const *)" (?setModules@VRegistry@base@el@@QAEXPBD@Z) уже определен в easylogging++.obj
type_mesh.obj : error LNK2005: "public: bool __thiscall el::base::VRegistry::allowed(unsigned short,char const *)" (?allowed@VRegistry@base@el@@QAE_NGPBD@Z) уже определен в easylogging++.obj
type_mesh.obj : error LNK2005: "public: void __thiscall el::base::VRegistry::setFromArgs(class el::base::utils::CommandLineArgs const *)" (?setFromArgs@VRegistry@base@el@@QAEXPBVCommandLineArgs@utils@23@@Z) уже определен в easylogging++.obj
type_mesh.obj : error LNK2005: "public: __thiscall el::base::Storage::Storage(class std::shared_ptr<class el::LogBuilder> const &)" (??0Storage@base@el@@QAE@ABV?$shared_ptr@VLogBuilder@el@@@std@@@Z) уже определен в easylogging++.obj
type_mesh.obj : error LNK2005: "public: virtual __thiscall el::base::Storage::~Storage(void)" (??1Storage@base@el@@UAE@XZ) уже определен в easylogging++.obj
type_mesh.obj : error LNK2005: "public: bool __thiscall el::base::Storage::hasCustomFormatSpecifier(char const *)" (?hasCustomFormatSpecifier@Storage@base@el@@QAE_NPBD@Z) уже определен в easylogging++.obj
type_mesh.obj : error LNK2005: "public: void __thiscall el::base::Storage::installCustomFormatSpecifier(class el::CustomFormatSpecifier const &)" (?installCustomFormatSpecifier@Storage@base@el@@QAEXABVCustomFormatSpecifier@3@@Z) уже определен в easylogging++.obj
type_mesh.obj : error LNK2005: "public: bool __thiscall el::base::Storage::uninstallCustomFormatSpecifier(char const *)" (?uninstallCustomFormatSpecifier@Storage@base@el@@QAE_NPBD@Z) уже определен в easylogging++.obj
type_mesh.obj : error LNK2005: "private: void __thiscall el::base::Storage::setApplicationArguments(int,char * *)" (?setApplicationArguments@Storage@base@el@@AAEXHPAPAD@Z) уже определен в easylogging++.obj
type_mesh.obj : error LNK2005: "protected: virtual void __thiscall el::base::DefaultLogDispatchCallback::handle(class el::LogDispatchData const *)" (?handle@DefaultLogDispatchCallback@base@el@@MAEXPBVLogDispatchData@3@@Z) уже определен в easylogging++.obj
type_mesh.obj : error LNK2005: "private: void __thiscall el::base::DefaultLogDispatchCallback::dispatch(class std::basic_string<char,struct std::char_traits<char>,class std::allocator<char> > &&)" (?dispatch@DefaultLogDispatchCallback@base@el@@AAEX$$QAV?$basic_string@DU?$char_traits@D@std@@V?$allocator@D@2@@std@@@Z) уже определен в easylogging++.obj
type_mesh.obj : error LNK2005: "public: virtual class std::basic_string<char,struct std::char_traits<char>,class std::allocator<char> > __thiscall el::base::DefaultLogBuilder::build(class el::LogMessage const *,bool)const " (?build@DefaultLogBuilder@base@el@@UBE?AV?$basic_string@DU?$char_traits@D@std@@V?$allocator@D@2@@std@@PBVLogMessage@3@_N@Z) уже определен в easylogging++.obj
type_mesh.obj : error LNK2005: "public: void __thiscall el::base::LogDispatcher::dispatch(void)" (?dispatch@LogDispatcher@base@el@@QAEXXZ) уже определен в easylogging++.obj
type_mesh.obj : error LNK2005: "public: void __thiscall el::base::MessageBuilder::initialize(class el::Logger *)" (?initialize@MessageBuilder@base@el@@QAEXPAVLogger@3@@Z) уже определен в easylogging++.obj
type_mesh.obj : error LNK2005: "public: class el::base::MessageBuilder & __thiscall el::base::MessageBuilder::operator<<(wchar_t const *)" (??6MessageBuilder@base@el@@QAEAAV012@PB_W@Z) уже определен в easylogging++.obj
type_mesh.obj : error LNK2005: "public: class el::base::Writer & __thiscall el::base::Writer::construct(class el::Logger *,bool)" (?construct@Writer@base@el@@QAEAAV123@PAVLogger@3@_N@Z) уже определен в easylogging++.obj
type_mesh.obj : error LNK2005: "public: class el::base::Writer & __cdecl el::base::Writer::construct(int,char const *,...)" (?construct@Writer@base@el@@QAAAAV123@HPBDZZ) уже определен в easylogging++.obj
type_mesh.obj : error LNK2005: "protected: void __thiscall el::base::Writer::initializeLogger(class std::basic_string<char,struct std::char_traits<char>,class std::allocator<char> > const &,bool,bool)" (?initializeLogger@Writer@base@el@@IAEXABV?$basic_string@DU?$char_traits@D@std@@V?$allocator@D@2@@std@@_N1@Z) уже определен в easylogging++.obj
type_mesh.obj : error LNK2005: "protected: void __thiscall el::base::Writer::processDispatch(void)" (?processDispatch@Writer@base@el@@IAEXXZ) уже определен в easylogging++.obj
type_mesh.obj : error LNK2005: "protected: void __thiscall el::base::Writer::triggerDispatch(void)" (?triggerDispatch@Writer@base@el@@IAEXXZ) уже определен в easylogging++.obj
type_mesh.obj : error LNK2005: "public: virtual __thiscall el::base::PErrorWriter::~PErrorWriter(void)" (??1PErrorWriter@base@el@@UAE@XZ) уже определен в easylogging++.obj
type_mesh.obj : error LNK2005: "public: static class el::Logger * __cdecl el::Loggers::getLogger(class std::basic_string<char,struct std::char_traits<char>,class std::allocator<char> > const &,bool)" (?getLogger@Loggers@el@@SAPAVLogger@2@ABV?$basic_string@DU?$char_traits@D@std@@V?$allocator@D@2@@std@@_N@Z) уже определен в easylogging++.obj
type_mesh.obj : error LNK2005: "public: static void __cdecl el::Loggers::setDefaultLogBuilder(class std::shared_ptr<class el::LogBuilder> &)" (?setDefaultLogBuilder@Loggers@el@@SAXAAV?$shared_ptr@VLogBuilder@el@@@std@@@Z) уже определен в easylogging++.obj
type_mesh.obj : error LNK2005: "public: static bool __cdecl el::Loggers::unregisterLogger(class std::basic_string<char,struct std::char_traits<char>,class std::allocator<char> > const &)" (?unregisterLogger@Loggers@el@@SA_NABV?$basic_string@DU?$char_traits@D@std@@V?$allocator@D@2@@std@@@Z) уже определен в easylogging++.obj
type_mesh.obj : error LNK2005: "public: static bool __cdecl el::Loggers::hasLogger(class std::basic_string<char,struct std::char_traits<char>,class std::allocator<char> > const &)" (?hasLogger@Loggers@el@@SA_NABV?$basic_string@DU?$char_traits@D@std@@V?$allocator@D@2@@std@@@Z) уже определен в easylogging++.obj
type_mesh.obj : error LNK2005: "public: static class el::Logger * __cdecl el::Loggers::reconfigureLogger(class el::Logger *,class el::Configurations const &)" (?reconfigureLogger@Loggers@el@@SAPAVLogger@2@PAV32@ABVConfigurations@2@@Z) уже определен в easylogging++.obj
type_mesh.obj : error LNK2005: "public: static class el::Logger * __cdecl el::Loggers::reconfigureLogger(class std::basic_string<char,struct std::char_traits<char>,class std::allocator<char> > const &,class el::Configurations const &)" (?reconfigureLogger@Loggers@el@@SAPAVLogger@2@ABV?$basic_string@DU?$char_traits@D@std@@V?$allocator@D@2@@std@@ABVConfigurations@2@@Z) уже определен в easylogging++.obj
type_mesh.obj : error LNK2005: "public: static class el::Logger * __cdecl el::Loggers::reconfigureLogger(class std::basic_string<char,struct std::char_traits<char>,class std::allocator<char> > const &,enum el::ConfigurationType,class std::basic_string<char,struct std::char_traits<char>,class std::allocator<char> > const &)" (?reconfigureLogger@Loggers@el@@SAPAVLogger@2@ABV?$basic_string@DU?$char_traits@D@std@@V?$allocator@D@2@@std@@W4ConfigurationType@2@0@Z) уже определен в easylogging++.obj
type_mesh.obj : error LNK2005: "public: static void __cdecl el::Loggers::reconfigureAllLoggers(class el::Configurations const &)" (?reconfigureAllLoggers@Loggers@el@@SAXABVConfigurations@2@@Z) уже определен в easylogging++.obj
type_mesh.obj : error LNK2005: "public: static void __cdecl el::Loggers::reconfigureAllLoggers(enum el::Level,enum el::ConfigurationType,class std::basic_string<char,struct std::char_traits<char>,class std::allocator<char> > const &)" (?reconfigureAllLoggers@Loggers@el@@SAXW4Level@2@W4ConfigurationType@2@ABV?$basic_string@DU?$char_traits@D@std@@V?$allocator@D@2@@std@@@Z) уже определен в easylogging++.obj
type_mesh.obj : error LNK2005: "public: static void __cdecl el::Loggers::setDefaultConfigurations(class el::Configurations const &,bool)" (?setDefaultConfigurations@Loggers@el@@SAXABVConfigurations@2@_N@Z) уже определен в easylogging++.obj
type_mesh.obj : error LNK2005: "public: static class el::Configurations const * __cdecl el::Loggers::defaultConfigurations(void)" (?defaultConfigurations@Loggers@el@@SAPBVConfigurations@2@XZ) уже определен в easylogging++.obj
type_mesh.obj : error LNK2005: "public: static class std::map<class std::basic_string<char,struct std::char_traits<char>,class std::allocator<char> >,class std::shared_ptr<class std::basic_fstream<char,struct std::char_traits<char> > >,struct std::less<class std::basic_string<char,struct std::char_traits<char>,class std::allocator<char> > >,class std::allocator<struct std::pair<class std::basic_string<char,struct std::char_traits<char>,class std::allocator<char> > const ,class std::shared_ptr<class std::basic_fstream<char,struct std::char_traits<char> > > > > > const * __cdecl el::Loggers::logStreamsReference(void)" (?logStreamsReference@Loggers@el@@SAPBV?$map@V?$basic_string@DU?$char_traits@D@std@@V?$allocator@D@2@@std@@V?$shared_ptr@V?$basic_fstream@DU?$char_traits@D@std@@@std@@@2@U?$less@V?$basic_string@DU?$char_traits@D@std@@V?$allocator@D@2@@std@@@2@V?$allocator@U?$pair@$$CBV?$basic_string@DU?$char_traits@D@std@@V?$allocator@D@2@@std@@V?$shared_ptr@V?$basic_fstream@DU?$char_traits@D@std@@@std@@@2@@std@@@2@@std@@XZ) уже определен в easylogging++.obj
type_mesh.obj : error LNK2005: "public: static class el::base::TypedConfigurations __cdecl el::Loggers::defaultTypedConfigurations(void)" (?defaultTypedConfigurations@Loggers@el@@SA?AVTypedConfigurations@base@2@XZ) уже определен в easylogging++.obj
type_mesh.obj : error LNK2005: "public: static class std::vector<class std::basic_string<char,struct std::char_traits<char>,class std::allocator<char> >,class std::allocator<class std::basic_string<char,struct std::char_traits<char>,class std::allocator<char> > > > * __cdecl el::Loggers::populateAllLoggerIds(class std::vector<class std::basic_string<char,struct std::char_traits<char>,class std::allocator<char> >,class std::allocator<class std::basic_string<char,struct std::char_traits<char>,class std::allocator<char> > > > *)" (?populateAllLoggerIds@Loggers@el@@SAPAV?$vector@V?$basic_string@DU?$char_traits@D@std@@V?$allocator@D@2@@std@@V?$allocator@V?$basic_string@DU?$char_traits@D@std@@V?$allocator@D@2@@std@@@2@@std@@PAV34@@Z) уже определен в easylogging++.obj
type_mesh.obj : error LNK2005: "public: static void __cdecl el::Loggers::configureFromGlobal(char const *)" (?configureFromGlobal@Loggers@el@@SAXPBD@Z) уже определен в easylogging++.obj
type_mesh.obj : error LNK2005: "public: static bool __cdecl el::Loggers::configureFromArg(char const *)" (?configureFromArg@Loggers@el@@SA_NPBD@Z) уже определен в easylogging++.obj
type_mesh.obj : error LNK2005: "public: static void __cdecl el::Loggers::flushAll(void)" (?flushAll@Loggers@el@@SAXXZ) уже определен в easylogging++.obj
type_mesh.obj : error LNK2005: "public: static void __cdecl el::Loggers::setVerboseLevel(unsigned short)" (?setVerboseLevel@Loggers@el@@SAXG@Z) уже определен в easylogging++.obj
type_mesh.obj : error LNK2005: "public: static unsigned short __cdecl el::Loggers::verboseLevel(void)" (?verboseLevel@Loggers@el@@SAGXZ) уже определен в easylogging++.obj
type_mesh.obj : error LNK2005: "public: static void __cdecl el::Loggers::setVModules(char const *)" (?setVModules@Loggers@el@@SAXPBD@Z) уже определен в easylogging++.obj
type_mesh.obj : error LNK2005: "public: static void __cdecl el::Loggers::clearVModules(void)" (?clearVModules@Loggers@el@@SAXXZ) уже определен в easylogging++.obj
type_mesh.obj : error LNK2005: "public: static class std::basic_string<char,struct std::char_traits<char>,class std::allocator<char> > const __cdecl el::VersionInfo::version(void)" (?version@VersionInfo@el@@SA?BV?$basic_string@DU?$char_traits@D@std@@V?$allocator@D@2@@std@@XZ) уже определен в easylogging++.obj
type_mesh.obj : error LNK2005: "public: static class std::basic_string<char,struct std::char_traits<char>,class std::allocator<char> > const __cdecl el::VersionInfo::releaseDate(void)" (?releaseDate@VersionInfo@el@@SA?BV?$basic_string@DU?$char_traits@D@std@@V?$allocator@D@2@@std@@XZ) уже определен в easylogging++.obj
easylogging++.obj : error LNK2001: неразрешенный внешний символ ""class std::shared_ptr<class el::base::Storage> el::base::elStorage" (?elStorage@base@el@@3V?$shared_ptr@VStorage@base@el@@@std@@A)"
type_mesh.obj : error LNK2001: неразрешенный внешний символ ""class std::shared_ptr<class el::base::Storage> el::base::elStorage" (?elStorage@base@el@@3V?$shared_ptr@VStorage@base@el@@@std@@A)"
MSVCRTD.lib(exe_winmain.obj) : error LNK2019: ссылка на неразрешенный внешний символ _WinMain@16 в функции "int __cdecl invoke_main(void)" (?invoke_main@@YAHXZ)
D:\Users\Hp\Desktop\mandor_new(new)\new_source\Debug\mandor.exe : fatal error LNK1120: неразрешенных внешних элементов: 2
